<?xml version="1.0" encoding="UTF-8"?>
<testng-results skipped="0" failed="0" total="2" passed="2">
  <reporter-output>
  </reporter-output>
  <suite name="Default suite" duration-ms="29230" started-at="2017-03-25T00:11:07Z" finished-at="2017-03-25T00:11:37Z">
    <groups>
    </groups>
    <test name="Default test" duration-ms="29230" started-at="2017-03-25T00:11:07Z" finished-at="2017-03-25T00:11:37Z">
      <class name="org.myFirstSeleniumProject.TestNgAnnotations">
        <test-method status="PASS" signature="firstMethod()[pri:0, instance:org.myFirstSeleniumProject.TestNgAnnotations@6d8a00e3]" name="firstMethod" is-config="true" duration-ms="18" started-at="2017-03-24T20:11:07Z" finished-at="2017-03-24T20:11:07Z">
          <reporter-output>
          </reporter-output>
        </test-method> <!-- firstMethod -->
        <test-method status="PASS" signature="startUp()[pri:0, instance:org.myFirstSeleniumProject.TestNgAnnotations@6d8a00e3]" name="startUp" is-config="true" duration-ms="6515" started-at="2017-03-24T20:11:07Z" finished-at="2017-03-24T20:11:14Z">
          <reporter-output>
          </reporter-output>
        </test-method> <!-- startUp -->
        <test-method status="PASS" signature="verifyLandingPage()[pri:0, instance:org.myFirstSeleniumProject.TestNgAnnotations@6d8a00e3]" name="verifyLandingPage" duration-ms="14389" started-at="2017-03-24T20:11:14Z" finished-at="2017-03-24T20:11:28Z">
          <reporter-output>
          </reporter-output>
        </test-method> <!-- verifyLandingPage -->
        <test-method status="PASS" signature="cleanUp()[pri:0, instance:org.myFirstSeleniumProject.TestNgAnnotations@6d8a00e3]" name="cleanUp" is-config="true" duration-ms="2218" started-at="2017-03-24T20:11:28Z" finished-at="2017-03-24T20:11:31Z">
          <reporter-output>
          </reporter-output>
        </test-method> <!-- cleanUp -->
        <test-method status="PASS" signature="startUp()[pri:0, instance:org.myFirstSeleniumProject.TestNgAnnotations@6d8a00e3]" name="startUp" is-config="true" duration-ms="4352" started-at="2017-03-24T20:11:31Z" finished-at="2017-03-24T20:11:35Z">
          <reporter-output>
          </reporter-output>
        </test-method> <!-- startUp -->
        <test-method status="PASS" signature="verifyLoginPage()[pri:0, instance:org.myFirstSeleniumProject.TestNgAnnotations@6d8a00e3]" name="verifyLoginPage" duration-ms="138" started-at="2017-03-24T20:11:35Z" finished-at="2017-03-24T20:11:35Z">
          <reporter-output>
          </reporter-output>
        </test-method> <!-- verifyLoginPage -->
        <test-method status="PASS" signature="cleanUp()[pri:0, instance:org.myFirstSeleniumProject.TestNgAnnotations@6d8a00e3]" name="cleanUp" is-config="true" duration-ms="1565" started-at="2017-03-24T20:11:35Z" finished-at="2017-03-24T20:11:37Z">
          <reporter-output>
          </reporter-output>
        </test-method> <!-- cleanUp -->
        <test-method status="PASS" signature="secondMethod()[pri:0, instance:org.myFirstSeleniumProject.TestNgAnnotations@6d8a00e3]" name="secondMethod" is-config="true" duration-ms="0" started-at="2017-03-24T20:11:37Z" finished-at="2017-03-24T20:11:37Z">
          <reporter-output>
          </reporter-output>
        </test-method> <!-- secondMethod -->
      </class> <!-- org.myFirstSeleniumProject.TestNgAnnotations -->
    </test> <!-- Default test -->
  </suite> <!-- Default suite -->
</testng-results>
